// GTA V SCRIPT HOOK (build Feb 19 2025, v1.0.3442.0)
//     (C) Alexander Blade 2015-2025
[23:30:35] INIT: Started
[23:30:35] INIT: Success, game version is VER_1_0_3442_0
[23:30:35] INIT: Registering script 'ScriptHookVDotNet.asi' (0x00007FFD02542810)
[23:30:35] INIT: Registering script 'Menyoo.asi' (0x00007FFC91B93700)
[23:30:35] INIT: Registering additional script thread 'Menyoo.asi' (0x00007FFC91BA2DD0)
[23:30:42] INIT: Pool 1 extended
[23:30:42] INIT: Pool 2 extended
[23:30:42] INIT: Pool 3 extended
[23:30:42] INIT: Pool 4 extended
[23:30:47] INIT: GtaThread collection size 189
[23:30:47] INIT: wnd proc 0x00000000FFFF0B31
[23:30:47] INIT: IDXGISwapChain 0x00007FFD5672A9E0 (0x00007FFD56662A20)
[23:30:47] INIT: IDXGISwapChain set
[23:30:47] INIT: DX init started
[23:30:47] INIT: DX feature level B000
[23:30:47] INIT: DX init succeeded
[23:31:22] CORE: Creating threads
[23:31:22] CORE: Created 4 threads (including control)
[23:31:22] CORE: Waiting to launch 'ScriptHookVDotNet.asi' (0x00007FFD02542810), id 3
[23:31:22] CORE: Waiting to launch 'Menyoo.asi' (0x00007FFC91B93700), id 4
[23:31:22] CORE: Waiting to launch 'Menyoo.asi' (0x00007FFC91BA2DD0), id 5
[23:31:30] CORE: Launching main() for 'ScriptHookVDotNet.asi' (0x00007FFD02542810), id 3
[23:31:31] CORE: Launching main() for 'Menyoo.asi' (0x00007FFC91B93700), id 4
[23:31:32] CORE: Launching main() for 'Menyoo.asi' (0x00007FFC91BA2DD0), id 5
[23:31:32] CORE: Creating texture 'E:\Grand Theft Auto V Legacy\menyooStuff\Graphics\Speedo\needle_orange.png', id 0
[23:31:32] CORE: Creating texture 'E:\Grand Theft Auto V Legacy\menyooStuff\Graphics\Speedo\night_needle_orange.png', id 1
[23:31:32] CORE: Creating texture 'E:\Grand Theft Auto V Legacy\menyooStuff\Graphics\Speedo\needle_red.png', id 2
[23:31:32] CORE: Creating texture 'E:\Grand Theft Auto V Legacy\menyooStuff\Graphics\Speedo\night_needle_red.png', id 3
[23:31:32] CORE: Creating texture 'E:\Grand Theft Auto V Legacy\menyooStuff\Graphics\Speedo\bg_cyan2.png', id 4
[23:31:32] CORE: Creating texture 'E:\Grand Theft Auto V Legacy\menyooStuff\Graphics\Speedo\bg_green2.png', id 5
[23:31:32] CORE: Creating texture 'E:\Grand Theft Auto V Legacy\menyooStuff\Graphics\Speedo\bg_yellow2.png', id 6
[23:31:32] CORE: Creating texture 'E:\Grand Theft Auto V Legacy\menyooStuff\Graphics\Speedo\bg_orange2.png', id 7
[23:31:32] CORE: Creating texture 'E:\Grand Theft Auto V Legacy\menyooStuff\Graphics\Speedo\bg_purple2.png', id 8
[23:31:32] CORE: Creating texture 'E:\Grand Theft Auto V Legacy\menyooStuff\Graphics\Speedo\bg_pink2.png', id 9
[23:31:32] CORE: Creating texture 'E:\Grand Theft Auto V Legacy\menyooStuff\Graphics\Speedo\bg_cyan.png', id 10
[23:31:32] CORE: Creating texture 'E:\Grand Theft Auto V Legacy\menyooStuff\Graphics\Speedo\bg_green.png', id 11
[23:31:32] CORE: Creating texture 'E:\Grand Theft Auto V Legacy\menyooStuff\Graphics\Speedo\bg_yellow.png', id 12
[23:31:32] CORE: Creating texture 'E:\Grand Theft Auto V Legacy\menyooStuff\Graphics\Speedo\bg_orange.png', id 13
[23:31:32] CORE: Creating texture 'E:\Grand Theft Auto V Legacy\menyooStuff\Graphics\Speedo\bg_purple.png', id 14
[23:31:32] CORE: Creating texture 'E:\Grand Theft Auto V Legacy\menyooStuff\Graphics\Speedo\bg_pink.png', id 15
[23:31:32] CORE: Creating texture 'E:\Grand Theft Auto V Legacy\menyooStuff\Graphics\Clock\Default_face.png', id 16
[23:31:32] CORE: Creating texture 'E:\Grand Theft Auto V Legacy\menyooStuff\Graphics\Clock\Default_handh.png', id 17
[23:31:32] CORE: Creating texture 'E:\Grand Theft Auto V Legacy\menyooStuff\Graphics\Clock\Default_handm.png', id 18
[23:31:32] CORE: Creating texture 'E:\Grand Theft Auto V Legacy\menyooStuff\Graphics\Clock\Frameless_face.png', id 19
[23:31:32] CORE: Creating texture 'E:\Grand Theft Auto V Legacy\menyooStuff\Graphics\Clock\Frameless_handh.png', id 20
[23:31:32] CORE: Creating texture 'E:\Grand Theft Auto V Legacy\menyooStuff\Graphics\Clock\Frameless_handm.png', id 21
[23:31:32] CORE: Creating texture 'E:\Grand Theft Auto V Legacy\menyooStuff\Graphics\teleportToWaypointBoxKeyboard.png', id 22
[23:31:32] CORE: Creating texture 'E:\Grand Theft Auto V Legacy\menyooStuff\Graphics\teleportToWaypointBoxGamepad.png', id 23
